<?xml version="1.0" encoding="UTF-8"?>
<!-- Generated by org.testng.reporters.JUnitXMLReporter -->
<testsuite ignored="0" hostname="LPDEV01" failures="0" tests="83" name="DataProviderTest" time="827.767" errors="0" timestamp="2024-05-02T14:29:35 GMT+05:30">
  <testcase classname="mainPackage.RunnerClass" name="testMethod" time="34.182"/>
  <testcase classname="mainPackage.RunnerClass" name="testMethod" time="35.921"/>
  <testcase classname="mainPackage.RunnerClass" name="testMethod" time="33.988"/>
  <testcase classname="mainPackage.RunnerClass" name="testMethod" time="34.586"/>
  <testcase classname="mainPackage.RunnerClass" name="testMethod" time="36.661"/>
  <testcase classname="mainPackage.RunnerClass" name="testMethod" time="35.415"/>
  <testcase classname="mainPackage.RunnerClass" name="testMethod" time="34.386"/>
  <testcase classname="mainPackage.RunnerClass" name="testMethod" time="35.291"/>
  <testcase classname="mainPackage.RunnerClass" name="testMethod" time="35.724"/>
  <testcase classname="mainPackage.RunnerClass" name="testMethod" time="34.513"/>
  <testcase classname="mainPackage.RunnerClass" name="testMethod" time="34.813"/>
  <testcase classname="mainPackage.RunnerClass" name="testMethod" time="33.678"/>
  <testcase classname="mainPackage.RunnerClass" name="testMethod" time="35.676"/>
  <testcase classname="mainPackage.RunnerClass" name="testMethod" time="35.867"/>
  <testcase classname="mainPackage.RunnerClass" name="testMethod" time="42.03"/>
  <testcase classname="mainPackage.RunnerClass" name="testMethod" time="35.189"/>
  <testcase classname="mainPackage.RunnerClass" name="testMethod" time="35.465"/>
  <testcase classname="mainPackage.RunnerClass" name="testMethod" time="35.667"/>
  <testcase classname="mainPackage.RunnerClass" name="testMethod" time="34.852"/>
  <testcase classname="mainPackage.RunnerClass" name="testMethod" time="34.53"/>
  <testcase classname="mainPackage.RunnerClass" name="testMethod" time="35.063"/>
  <testcase classname="mainPackage.RunnerClass" name="testMethod" time="34.521"/>
  <testcase classname="mainPackage.RunnerClass" name="testMethod" time="34.075"/>
  <testcase classname="mainPackage.RunnerClass" name="testMethod" time="42.962"/>
  <testcase classname="mainPackage.RunnerClass" name="testMethod" time="36.077"/>
  <testcase classname="mainPackage.RunnerClass" name="testMethod" time="33.382"/>
  <testcase classname="mainPackage.RunnerClass" name="testMethod" time="33.575"/>
  <testcase classname="mainPackage.RunnerClass" name="testMethod" time="35.096"/>
  <testcase classname="mainPackage.RunnerClass" name="testMethod" time="35.003"/>
  <testcase classname="mainPackage.RunnerClass" name="testMethod" time="33.436"/>
  <testcase classname="mainPackage.RunnerClass" name="testMethod" time="34.641"/>
  <testcase classname="mainPackage.RunnerClass" name="testMethod" time="35.329"/>
  <testcase classname="mainPackage.RunnerClass" name="testMethod" time="34.359"/>
  <testcase classname="mainPackage.RunnerClass" name="testMethod" time="35.177"/>
  <testcase classname="mainPackage.RunnerClass" name="testMethod" time="35.548"/>
  <testcase classname="mainPackage.RunnerClass" name="testMethod" time="28.497"/>
  <testcase classname="mainPackage.RunnerClass" name="testMethod" time="34.735"/>
  <testcase classname="mainPackage.RunnerClass" name="testMethod" time="36.941"/>
  <testcase classname="mainPackage.RunnerClass" name="testMethod" time="34.494"/>
  <testcase classname="mainPackage.RunnerClass" name="testMethod" time="35.995"/>
  <testcase classname="mainPackage.RunnerClass" name="testMethod" time="34.94"/>
  <testcase classname="mainPackage.RunnerClass" name="testMethod" time="34.237"/>
  <testcase classname="mainPackage.RunnerClass" name="testMethod" time="34.408"/>
  <testcase classname="mainPackage.RunnerClass" name="testMethod" time="35.986"/>
  <testcase classname="mainPackage.RunnerClass" name="testMethod" time="34.531"/>
  <testcase classname="mainPackage.RunnerClass" name="testMethod" time="32.203"/>
  <testcase classname="mainPackage.RunnerClass" name="testMethod" time="36.553"/>
  <testcase classname="mainPackage.RunnerClass" name="testMethod" time="35.248"/>
  <testcase classname="mainPackage.RunnerClass" name="testMethod" time="34.467"/>
  <testcase classname="mainPackage.RunnerClass" name="testMethod" time="35.056"/>
  <testcase classname="mainPackage.RunnerClass" name="testMethod" time="35.437"/>
  <testcase classname="mainPackage.RunnerClass" name="testMethod" time="36.413"/>
  <testcase classname="mainPackage.RunnerClass" name="testMethod" time="35.459"/>
  <testcase classname="mainPackage.RunnerClass" name="testMethod" time="35.093"/>
  <testcase classname="mainPackage.RunnerClass" name="testMethod" time="36.67"/>
  <testcase classname="mainPackage.RunnerClass" name="testMethod" time="35.181"/>
  <testcase classname="mainPackage.RunnerClass" name="testMethod" time="34.537"/>
  <testcase classname="mainPackage.RunnerClass" name="testMethod" time="36.54"/>
  <testcase classname="mainPackage.RunnerClass" name="testMethod" time="36.434"/>
  <testcase classname="mainPackage.RunnerClass" name="testMethod" time="35.491"/>
  <testcase classname="mainPackage.RunnerClass" name="testMethod" time="34.347"/>
  <testcase classname="mainPackage.RunnerClass" name="testMethod" time="35.38"/>
  <testcase classname="mainPackage.RunnerClass" name="testMethod" time="35.718"/>
  <testcase classname="mainPackage.RunnerClass" name="testMethod" time="33.429"/>
  <testcase classname="mainPackage.RunnerClass" name="testMethod" time="43.147"/>
  <testcase classname="mainPackage.RunnerClass" name="testMethod" time="35.026"/>
  <testcase classname="mainPackage.RunnerClass" name="testMethod" time="35.164"/>
  <testcase classname="mainPackage.RunnerClass" name="testMethod" time="41.621"/>
  <testcase classname="mainPackage.RunnerClass" name="testMethod" time="35.927"/>
  <testcase classname="mainPackage.RunnerClass" name="testMethod" time="35.141"/>
  <testcase classname="mainPackage.RunnerClass" name="testMethod" time="33.375"/>
  <testcase classname="mainPackage.RunnerClass" name="testMethod" time="38.157"/>
  <testcase classname="mainPackage.RunnerClass" name="testMethod" time="34.04"/>
  <testcase classname="mainPackage.RunnerClass" name="testMethod" time="35.889"/>
  <testcase classname="mainPackage.RunnerClass" name="testMethod" time="44.574"/>
  <testcase classname="mainPackage.RunnerClass" name="testMethod" time="35.367"/>
  <testcase classname="mainPackage.RunnerClass" name="testMethod" time="36.098"/>
  <testcase classname="mainPackage.RunnerClass" name="testMethod" time="35.236"/>
  <testcase classname="mainPackage.RunnerClass" name="testMethod" time="34.035"/>
  <testcase classname="mainPackage.RunnerClass" name="testMethod" time="34.011"/>
  <testcase classname="mainPackage.RunnerClass" name="testMethod" time="33.958"/>
  <testcase classname="mainPackage.RunnerClass" name="testMethod" time="35.303"/>
  <testcase classname="mainPackage.RunnerClass" name="testMethod" time="34.758"/>
</testsuite> <!-- DataProviderTest -->
