<?xml version="1.0" encoding="UTF-8"?>
<!-- Generated by org.testng.reporters.JUnitXMLReporter -->
<testsuite ignored="0" hostname="LPDEV01" failures="0" tests="56" name="DataProviderTest" time="564.17" errors="0" timestamp="2024-03-21T15:47:02 IST">
  <testcase classname="mainPackage.RunnerClass" name="testMethod" time="33.237"/>
  <testcase classname="mainPackage.RunnerClass" name="testMethod" time="33.877"/>
  <testcase classname="mainPackage.RunnerClass" name="testMethod" time="34.972"/>
  <testcase classname="mainPackage.RunnerClass" name="testMethod" time="35.285"/>
  <testcase classname="mainPackage.RunnerClass" name="testMethod" time="36.312"/>
  <testcase classname="mainPackage.RunnerClass" name="testMethod" time="33.552"/>
  <testcase classname="mainPackage.RunnerClass" name="testMethod" time="33.923"/>
  <testcase classname="mainPackage.RunnerClass" name="testMethod" time="34.089"/>
  <testcase classname="mainPackage.RunnerClass" name="testMethod" time="33.818"/>
  <testcase classname="mainPackage.RunnerClass" name="testMethod" time="35.127"/>
  <testcase classname="mainPackage.RunnerClass" name="testMethod" time="34.604"/>
  <testcase classname="mainPackage.RunnerClass" name="testMethod" time="34.599"/>
  <testcase classname="mainPackage.RunnerClass" name="testMethod" time="34.236"/>
  <testcase classname="mainPackage.RunnerClass" name="testMethod" time="35.26"/>
  <testcase classname="mainPackage.RunnerClass" name="testMethod" time="35.209"/>
  <testcase classname="mainPackage.RunnerClass" name="testMethod" time="33.55"/>
  <testcase classname="mainPackage.RunnerClass" name="testMethod" time="35.097"/>
  <testcase classname="mainPackage.RunnerClass" name="testMethod" time="33.832"/>
  <testcase classname="mainPackage.RunnerClass" name="testMethod" time="36.357"/>
  <testcase classname="mainPackage.RunnerClass" name="testMethod" time="34.912"/>
  <testcase classname="mainPackage.RunnerClass" name="testMethod" time="34.669"/>
  <testcase classname="mainPackage.RunnerClass" name="testMethod" time="34.537"/>
  <testcase classname="mainPackage.RunnerClass" name="testMethod" time="34.917"/>
  <testcase classname="mainPackage.RunnerClass" name="testMethod" time="36.0"/>
  <testcase classname="mainPackage.RunnerClass" name="testMethod" time="34.359"/>
  <testcase classname="mainPackage.RunnerClass" name="testMethod" time="32.157"/>
  <testcase classname="mainPackage.RunnerClass" name="testMethod" time="34.783"/>
  <testcase classname="mainPackage.RunnerClass" name="testMethod" time="33.609"/>
  <testcase classname="mainPackage.RunnerClass" name="testMethod" time="34.978"/>
  <testcase classname="mainPackage.RunnerClass" name="testMethod" time="34.063"/>
  <testcase classname="mainPackage.RunnerClass" name="testMethod" time="34.345"/>
  <testcase classname="mainPackage.RunnerClass" name="testMethod" time="35.555"/>
  <testcase classname="mainPackage.RunnerClass" name="testMethod" time="32.709"/>
  <testcase classname="mainPackage.RunnerClass" name="testMethod" time="35.974"/>
  <testcase classname="mainPackage.RunnerClass" name="testMethod" time="34.466"/>
  <testcase classname="mainPackage.RunnerClass" name="testMethod" time="34.657"/>
  <testcase classname="mainPackage.RunnerClass" name="testMethod" time="33.358"/>
  <testcase classname="mainPackage.RunnerClass" name="testMethod" time="34.402"/>
  <testcase classname="mainPackage.RunnerClass" name="testMethod" time="34.749"/>
  <testcase classname="mainPackage.RunnerClass" name="testMethod" time="34.119"/>
  <testcase classname="mainPackage.RunnerClass" name="testMethod" time="34.164"/>
  <testcase classname="mainPackage.RunnerClass" name="testMethod" time="34.193"/>
  <testcase classname="mainPackage.RunnerClass" name="testMethod" time="34.818"/>
  <testcase classname="mainPackage.RunnerClass" name="testMethod" time="34.924"/>
  <testcase classname="mainPackage.RunnerClass" name="testMethod" time="33.725"/>
  <testcase classname="mainPackage.RunnerClass" name="testMethod" time="35.151"/>
  <testcase classname="mainPackage.RunnerClass" name="testMethod" time="34.234"/>
  <testcase classname="mainPackage.RunnerClass" name="testMethod" time="36.564"/>
  <testcase classname="mainPackage.RunnerClass" name="testMethod" time="34.684"/>
  <testcase classname="mainPackage.RunnerClass" name="testMethod" time="38.416"/>
  <testcase classname="mainPackage.RunnerClass" name="testMethod" time="32.733"/>
  <testcase classname="mainPackage.RunnerClass" name="testMethod" time="35.689"/>
  <testcase classname="mainPackage.RunnerClass" name="testMethod" time="33.607"/>
  <testcase classname="mainPackage.RunnerClass" name="testMethod" time="34.071"/>
  <testcase classname="mainPackage.RunnerClass" name="testMethod" time="33.034"/>
  <testcase classname="mainPackage.RunnerClass" name="testMethod" time="37.996"/>
</testsuite> <!-- DataProviderTest -->
