<?xml version="1.0" encoding="UTF-8"?>
<testng-results ignored="0" total="0" passed="0" failed="0" skipped="0">
  <reporter-output>
  </reporter-output>
  <suite started-at="2024-06-20T12:26:46 IST" name="DataProviderSuite" finished-at="2024-06-20T12:26:48 IST" duration-ms="2000">
    <groups>
    </groups>
    <test started-at="2024-06-20T12:26:46 IST" name="DataProviderTest" finished-at="2024-06-20T12:26:48 IST" duration-ms="2000">
      <class name="mainPackage.RunnerClass">
        <test-method is-config="true" signature="DBChanges()[pri:0, instance:mainPackage.RunnerClass@477b4cdf]" started-at="2024-06-20T12:26:43 IST" name="DBChanges" finished-at="2024-06-20T12:26:46 IST" duration-ms="3504" status="PASS">
          <reporter-output>
          </reporter-output>
        </test-method> <!-- DBChanges -->
      </class> <!-- mainPackage.RunnerClass -->
    </test> <!-- DataProviderTest -->
  </suite> <!-- DataProviderSuite -->
</testng-results>
